

CmdLine:	C:\Users\Johnny Hackworth\Dropbox\JavaWorkspace\BlackWhitePaint\NPCPainter\NPCPainter.exe --l4j-debug
WOW64:		yes
64-bit search:	SOFTWARE\JavaSoft\Java Runtime Environment...
Ignore:		SOFTWARE\JavaSoft\Java Runtime Environment\1.7
Ignore:		SOFTWARE\JavaSoft\Java Runtime Environment\1.7.0_04
32-bit search:	SOFTWARE\JavaSoft\Java Runtime Environment...
Ignore:		SOFTWARE\JavaSoft\Java Runtime Environment\1.6
Ignore:		SOFTWARE\JavaSoft\Java Runtime Environment\1.6.0_22
Ignore:		SOFTWARE\JavaSoft\Java Runtime Environment\1.6.0_31
64-bit search:	SOFTWARE\JavaSoft\Java Development Kit...
Ignore:		SOFTWARE\JavaSoft\Java Development Kit\1.7
Ignore:		SOFTWARE\JavaSoft\Java Development Kit\1.7.0_02
Ignore:		SOFTWARE\JavaSoft\Java Development Kit\1.7.0_04
32-bit search:	SOFTWARE\JavaSoft\Java Development Kit...
Ignore:		SOFTWARE\JavaSoft\Java Development Kit\1.6
Ignore:		SOFTWARE\JavaSoft\Java Development Kit\1.6.0_25
64-bit search:	SOFTWARE\IBM\Java2 Runtime Environment...
32-bit search:	SOFTWARE\IBM\Java2 Runtime Environment...
64-bit search:	SOFTWARE\IBM\Java Development Kit...
32-bit search:	SOFTWARE\IBM\Java Development Kit...
Open URL:	http://java.com/download


CmdLine:	C:\Users\Johnny Hackworth\Dropbox\JavaWorkspace\BlackWhitePaint\NPCPainter\NPCPainter.exe --l4j-debug
WOW64:		yes
64-bit search:	SOFTWARE\JavaSoft\Java Runtime Environment...
Ignore:		SOFTWARE\JavaSoft\Java Runtime Environment\1.7
Ignore:		SOFTWARE\JavaSoft\Java Runtime Environment\1.7.0_04
32-bit search:	SOFTWARE\JavaSoft\Java Runtime Environment...
Ignore:		SOFTWARE\JavaSoft\Java Runtime Environment\1.6
Ignore:		SOFTWARE\JavaSoft\Java Runtime Environment\1.6.0_22
Ignore:		SOFTWARE\JavaSoft\Java Runtime Environment\1.6.0_31
64-bit search:	SOFTWARE\JavaSoft\Java Development Kit...
Ignore:		SOFTWARE\JavaSoft\Java Development Kit\1.7
Ignore:		SOFTWARE\JavaSoft\Java Development Kit\1.7.0_02
Ignore:		SOFTWARE\JavaSoft\Java Development Kit\1.7.0_04
32-bit search:	SOFTWARE\JavaSoft\Java Development Kit...
Ignore:		SOFTWARE\JavaSoft\Java Development Kit\1.6
Ignore:		SOFTWARE\JavaSoft\Java Development Kit\1.6.0_25
64-bit search:	SOFTWARE\IBM\Java2 Runtime Environment...
32-bit search:	SOFTWARE\IBM\Java2 Runtime Environment...
64-bit search:	SOFTWARE\IBM\Java Development Kit...
32-bit search:	SOFTWARE\IBM\Java Development Kit...
Open URL:	http://java.com/download


CmdLine:	C:\Users\Johnny Hackworth\Dropbox\JavaWorkspace\BlackWhitePaint\NPCPainter\NPCPainter.exe --l4j-debug
WOW64:		yes
Bundled JRE:	C:\Program Files(x86)\Java\jre7
Check launcher:	C:\Program Files(x86)\Java\jre7\bin\javaw.exe (n/a)
64-bit search:	SOFTWARE\JavaSoft\Java Runtime Environment...
Ignore:		SOFTWARE\JavaSoft\Java Runtime Environment\1.7
Ignore:		SOFTWARE\JavaSoft\Java Runtime Environment\1.7.0_04
32-bit search:	SOFTWARE\JavaSoft\Java Runtime Environment...
Ignore:		SOFTWARE\JavaSoft\Java Runtime Environment\1.6
Ignore:		SOFTWARE\JavaSoft\Java Runtime Environment\1.6.0_22
Ignore:		SOFTWARE\JavaSoft\Java Runtime Environment\1.6.0_31
Ignore:		SOFTWARE\JavaSoft\Java Runtime Environment\1.7
Match:		SOFTWARE\JavaSoft\Java Runtime Environment\1.7.0_51
64-bit search:	SOFTWARE\JavaSoft\Java Development Kit...
Ignore:		SOFTWARE\JavaSoft\Java Development Kit\1.7
Ignore:		SOFTWARE\JavaSoft\Java Development Kit\1.7.0_02
Ignore:		SOFTWARE\JavaSoft\Java Development Kit\1.7.0_04
32-bit search:	SOFTWARE\JavaSoft\Java Development Kit...
Ignore:		SOFTWARE\JavaSoft\Java Development Kit\1.6
Ignore:		SOFTWARE\JavaSoft\Java Development Kit\1.6.0_25
Check launcher:	C:\Program Files (x86)\Java\jre7\bin\javaw.exe (OK)
Launcher:	C:\Program Files (x86)\Java\jre7\bin\javaw.exe
Launcher args:	-jar "C:\Users\Johnny Hackworth\Dropbox\JavaWorkspace\BlackWhitePaint\NPCPainter\NPCPainter.exe"
Args length:	96/32768 chars
Exit code:	0


CmdLine:	C:\Users\Johnny Hackworth\Dropbox\JavaWorkspace\BlackWhitePaint\NPCPainter\NPCPainter.exe --l4j-debug
WOW64:		yes
Bundled JRE:	.\jre7
Check launcher:	C:\Users\Johnny Hackworth\Dropbox\JavaWorkspace\BlackWhitePaint\NPCPainter\.\jre7\bin\javaw.exe (OK)
Launcher:	C:\Users\Johnny Hackworth\Dropbox\JavaWorkspace\BlackWhitePaint\NPCPainter\.\jre7\bin\javaw.exe
Launcher args:	-jar "C:\Users\Johnny Hackworth\Dropbox\JavaWorkspace\BlackWhitePaint\NPCPainter\NPCPainter.exe"
Args length:	96/32768 chars
Exit code:	0


CmdLine:	C:\Users\Johnny Hackworth\Dropbox\JavaWorkspace\BlackWhitePaint\NPCPainter\NPCPainter.exe --l4j-debug
WOW64:		yes
Bundled JRE:	.\jre7
Check launcher:	C:\Users\Johnny Hackworth\Dropbox\JavaWorkspace\BlackWhitePaint\NPCPainter\.\jre7\bin\javaw.exe (OK)
Launcher:	C:\Users\Johnny Hackworth\Dropbox\JavaWorkspace\BlackWhitePaint\NPCPainter\.\jre7\bin\javaw.exe
Launcher args:	-jar "C:\Users\Johnny Hackworth\Dropbox\JavaWorkspace\BlackWhitePaint\NPCPainter\NPCPainter.exe"
Args length:	96/32768 chars
Exit code:	0


CmdLine:	C:\Users\Johnny Hackworth\Dropbox\JavaWorkspace\BlackWhitePaint\NPCPainter\NPCPainter.exe --l4j-debug
WOW64:		yes
Bundled JRE:	.\jre7
Check launcher:	C:\Users\Johnny Hackworth\Dropbox\JavaWorkspace\BlackWhitePaint\NPCPainter\.\jre7\bin\javaw.exe (OK)
Launcher:	C:\Users\Johnny Hackworth\Dropbox\JavaWorkspace\BlackWhitePaint\NPCPainter\.\jre7\bin\javaw.exe
Launcher args:	-jar "C:\Users\Johnny Hackworth\Dropbox\JavaWorkspace\BlackWhitePaint\NPCPainter\NPCPainter.exe"
Args length:	96/32768 chars
Exit code:	0


CmdLine:	C:\Users\Johnny Hackworth\Dropbox\JavaWorkspace\BlackWhitePaint\NPCPainter\NPCPainter.exe --l4j-debug
WOW64:		yes
Bundled JRE:	.\jre7
Check launcher:	C:\Users\Johnny Hackworth\Dropbox\JavaWorkspace\BlackWhitePaint\NPCPainter\.\jre7\bin\javaw.exe (OK)
Launcher:	C:\Users\Johnny Hackworth\Dropbox\JavaWorkspace\BlackWhitePaint\NPCPainter\.\jre7\bin\javaw.exe
Launcher args:	-jar "C:\Users\Johnny Hackworth\Dropbox\JavaWorkspace\BlackWhitePaint\NPCPainter\NPCPainter.exe"
Args length:	96/32768 chars
Exit code:	0


CmdLine:	C:\Users\Johnny Hackworth\Dropbox\JavaWorkspace\BlackWhitePaint\NPCPainter\NPCPainter.exe --l4j-debug
WOW64:		yes
Bundled JRE:	.\jre7
Check launcher:	C:\Users\Johnny Hackworth\Dropbox\JavaWorkspace\BlackWhitePaint\NPCPainter\.\jre7\bin\javaw.exe (OK)
Launcher:	C:\Users\Johnny Hackworth\Dropbox\JavaWorkspace\BlackWhitePaint\NPCPainter\.\jre7\bin\javaw.exe
Launcher args:	-jar "C:\Users\Johnny Hackworth\Dropbox\JavaWorkspace\BlackWhitePaint\NPCPainter\NPCPainter.exe"
Args length:	96/32768 chars
Exit code:	0
